<?xml version="1.0" encoding="UTF-8"?>
<testsuite xmlns:xsi="http://www.w3.org/2001/XMLSchema-instance" xsi:noNamespaceSchemaLocation="https://maven.apache.org/surefire/maven-surefire-plugin/xsd/surefire-test-report.xsd" version="3.0.2" name="com.curso.springboot.spring_boot_web.SpringBootWebApplicationTests" time="1.723" tests="1" errors="0" skipped="0" failures="0">
  <properties>
    <property name="java.specification.version" value="17"/>
    <property name="sun.jnu.encoding" value="UTF-8"/>
    <property name="java.class.path" value="/home/glem@praxisit.local/Documentos/cursoSpringBoot/spring-boot-web/target/test-classes:/home/glem@praxisit.local/Documentos/cursoSpringBoot/spring-boot-web/target/classes:/home/glem@praxisit.local/.m2/repository/org/springframework/boot/spring-boot-starter-thymeleaf/3.5.0/spring-boot-starter-thymeleaf-3.5.0.jar:/home/glem@praxisit.local/.m2/repository/org/springframework/boot/spring-boot-starter/3.5.0/spring-boot-starter-3.5.0.jar:/home/glem@praxisit.local/.m2/repository/org/springframework/boot/spring-boot-starter-logging/3.5.0/spring-boot-starter-logging-3.5.0.jar:/home/glem@praxisit.local/.m2/repository/ch/qos/logback/logback-classic/1.5.18/logback-classic-1.5.18.jar:/home/glem@praxisit.local/.m2/repository/ch/qos/logback/logback-core/1.5.18/logback-core-1.5.18.jar:/home/glem@praxisit.local/.m2/repository/org/apache/logging/log4j/log4j-to-slf4j/2.24.3/log4j-to-slf4j-2.24.3.jar:/home/glem@praxisit.local/.m2/repository/org/apache/logging/log4j/log4j-api/2.24.3/log4j-api-2.24.3.jar:/home/glem@praxisit.local/.m2/repository/org/slf4j/jul-to-slf4j/2.0.17/jul-to-slf4j-2.0.17.jar:/home/glem@praxisit.local/.m2/repository/jakarta/annotation/jakarta.annotation-api/2.1.1/jakarta.annotation-api-2.1.1.jar:/home/glem@praxisit.local/.m2/repository/org/yaml/snakeyaml/2.4/snakeyaml-2.4.jar:/home/glem@praxisit.local/.m2/repository/org/thymeleaf/thymeleaf-spring6/3.1.3.RELEASE/thymeleaf-spring6-3.1.3.RELEASE.jar:/home/glem@praxisit.local/.m2/repository/org/thymeleaf/thymeleaf/3.1.3.RELEASE/thymeleaf-3.1.3.RELEASE.jar:/home/glem@praxisit.local/.m2/repository/org/attoparser/attoparser/2.0.7.RELEASE/attoparser-2.0.7.RELEASE.jar:/home/glem@praxisit.local/.m2/repository/org/unbescape/unbescape/1.1.6.RELEASE/unbescape-1.1.6.RELEASE.jar:/home/glem@praxisit.local/.m2/repository/org/slf4j/slf4j-api/2.0.17/slf4j-api-2.0.17.jar:/home/glem@praxisit.local/.m2/repository/org/springframework/boot/spring-boot-starter-web/3.5.0/spring-boot-starter-web-3.5.0.jar:/home/glem@praxisit.local/.m2/repository/org/springframework/boot/spring-boot-starter-json/3.5.0/spring-boot-starter-json-3.5.0.jar:/home/glem@praxisit.local/.m2/repository/com/fasterxml/jackson/core/jackson-databind/2.19.0/jackson-databind-2.19.0.jar:/home/glem@praxisit.local/.m2/repository/com/fasterxml/jackson/core/jackson-annotations/2.19.0/jackson-annotations-2.19.0.jar:/home/glem@praxisit.local/.m2/repository/com/fasterxml/jackson/core/jackson-core/2.19.0/jackson-core-2.19.0.jar:/home/glem@praxisit.local/.m2/repository/com/fasterxml/jackson/datatype/jackson-datatype-jdk8/2.19.0/jackson-datatype-jdk8-2.19.0.jar:/home/glem@praxisit.local/.m2/repository/com/fasterxml/jackson/datatype/jackson-datatype-jsr310/2.19.0/jackson-datatype-jsr310-2.19.0.jar:/home/glem@praxisit.local/.m2/repository/com/fasterxml/jackson/module/jackson-module-parameter-names/2.19.0/jackson-module-parameter-names-2.19.0.jar:/home/glem@praxisit.local/.m2/repository/org/springframework/boot/spring-boot-starter-tomcat/3.5.0/spring-boot-starter-tomcat-3.5.0.jar:/home/glem@praxisit.local/.m2/repository/org/apache/tomcat/embed/tomcat-embed-core/10.1.41/tomcat-embed-core-10.1.41.jar:/home/glem@praxisit.local/.m2/repository/org/apache/tomcat/embed/tomcat-embed-el/10.1.41/tomcat-embed-el-10.1.41.jar:/home/glem@praxisit.local/.m2/repository/org/apache/tomcat/embed/tomcat-embed-websocket/10.1.41/tomcat-embed-websocket-10.1.41.jar:/home/glem@praxisit.local/.m2/repository/org/springframework/spring-web/6.2.7/spring-web-6.2.7.jar:/home/glem@praxisit.local/.m2/repository/org/springframework/spring-beans/6.2.7/spring-beans-6.2.7.jar:/home/glem@praxisit.local/.m2/repository/io/micrometer/micrometer-observation/1.15.0/micrometer-observation-1.15.0.jar:/home/glem@praxisit.local/.m2/repository/io/micrometer/micrometer-commons/1.15.0/micrometer-commons-1.15.0.jar:/home/glem@praxisit.local/.m2/repository/org/springframework/spring-webmvc/6.2.7/spring-webmvc-6.2.7.jar:/home/glem@praxisit.local/.m2/repository/org/springframework/spring-aop/6.2.7/spring-aop-6.2.7.jar:/home/glem@praxisit.local/.m2/repository/org/springframework/spring-context/6.2.7/spring-context-6.2.7.jar:/home/glem@praxisit.local/.m2/repository/org/springframework/spring-expression/6.2.7/spring-expression-6.2.7.jar:/home/glem@praxisit.local/.m2/repository/org/springframework/boot/spring-boot-devtools/3.5.0/spring-boot-devtools-3.5.0.jar:/home/glem@praxisit.local/.m2/repository/org/springframework/boot/spring-boot/3.5.0/spring-boot-3.5.0.jar:/home/glem@praxisit.local/.m2/repository/org/springframework/boot/spring-boot-autoconfigure/3.5.0/spring-boot-autoconfigure-3.5.0.jar:/home/glem@praxisit.local/.m2/repository/org/springframework/boot/spring-boot-starter-test/3.5.0/spring-boot-starter-test-3.5.0.jar:/home/glem@praxisit.local/.m2/repository/org/springframework/boot/spring-boot-test/3.5.0/spring-boot-test-3.5.0.jar:/home/glem@praxisit.local/.m2/repository/org/springframework/boot/spring-boot-test-autoconfigure/3.5.0/spring-boot-test-autoconfigure-3.5.0.jar:/home/glem@praxisit.local/.m2/repository/com/jayway/jsonpath/json-path/2.9.0/json-path-2.9.0.jar:/home/glem@praxisit.local/.m2/repository/jakarta/xml/bind/jakarta.xml.bind-api/4.0.2/jakarta.xml.bind-api-4.0.2.jar:/home/glem@praxisit.local/.m2/repository/jakarta/activation/jakarta.activation-api/2.1.3/jakarta.activation-api-2.1.3.jar:/home/glem@praxisit.local/.m2/repository/net/minidev/json-smart/2.5.2/json-smart-2.5.2.jar:/home/glem@praxisit.local/.m2/repository/net/minidev/accessors-smart/2.5.2/accessors-smart-2.5.2.jar:/home/glem@praxisit.local/.m2/repository/org/ow2/asm/asm/9.7.1/asm-9.7.1.jar:/home/glem@praxisit.local/.m2/repository/org/assertj/assertj-core/3.27.3/assertj-core-3.27.3.jar:/home/glem@praxisit.local/.m2/repository/net/bytebuddy/byte-buddy/1.17.5/byte-buddy-1.17.5.jar:/home/glem@praxisit.local/.m2/repository/org/awaitility/awaitility/4.3.0/awaitility-4.3.0.jar:/home/glem@praxisit.local/.m2/repository/org/hamcrest/hamcrest/3.0/hamcrest-3.0.jar:/home/glem@praxisit.local/.m2/repository/org/junit/jupiter/junit-jupiter/5.12.2/junit-jupiter-5.12.2.jar:/home/glem@praxisit.local/.m2/repository/org/junit/jupiter/junit-jupiter-api/5.12.2/junit-jupiter-api-5.12.2.jar:/home/glem@praxisit.local/.m2/repository/org/opentest4j/opentest4j/1.3.0/opentest4j-1.3.0.jar:/home/glem@praxisit.local/.m2/repository/org/junit/platform/junit-platform-commons/1.12.2/junit-platform-commons-1.12.2.jar:/home/glem@praxisit.local/.m2/repository/org/apiguardian/apiguardian-api/1.1.2/apiguardian-api-1.1.2.jar:/home/glem@praxisit.local/.m2/repository/org/junit/jupiter/junit-jupiter-params/5.12.2/junit-jupiter-params-5.12.2.jar:/home/glem@praxisit.local/.m2/repository/org/junit/jupiter/junit-jupiter-engine/5.12.2/junit-jupiter-engine-5.12.2.jar:/home/glem@praxisit.local/.m2/repository/org/junit/platform/junit-platform-engine/1.12.2/junit-platform-engine-1.12.2.jar:/home/glem@praxisit.local/.m2/repository/org/mockito/mockito-core/5.17.0/mockito-core-5.17.0.jar:/home/glem@praxisit.local/.m2/repository/net/bytebuddy/byte-buddy-agent/1.17.5/byte-buddy-agent-1.17.5.jar:/home/glem@praxisit.local/.m2/repository/org/objenesis/objenesis/3.3/objenesis-3.3.jar:/home/glem@praxisit.local/.m2/repository/org/mockito/mockito-junit-jupiter/5.17.0/mockito-junit-jupiter-5.17.0.jar:/home/glem@praxisit.local/.m2/repository/org/skyscreamer/jsonassert/1.5.3/jsonassert-1.5.3.jar:/home/glem@praxisit.local/.m2/repository/com/vaadin/external/google/android-json/0.0.20131108.vaadin1/android-json-0.0.20131108.vaadin1.jar:/home/glem@praxisit.local/.m2/repository/org/springframework/spring-core/6.2.7/spring-core-6.2.7.jar:/home/glem@praxisit.local/.m2/repository/org/springframework/spring-jcl/6.2.7/spring-jcl-6.2.7.jar:/home/glem@praxisit.local/.m2/repository/org/springframework/spring-test/6.2.7/spring-test-6.2.7.jar:/home/glem@praxisit.local/.m2/repository/org/xmlunit/xmlunit-core/2.10.1/xmlunit-core-2.10.1.jar:"/>
    <property name="java.vm.vendor" value="Oracle Corporation"/>
    <property name="sun.arch.data.model" value="64"/>
    <property name="java.vendor.url" value="https://java.oracle.com/"/>
    <property name="user.timezone" value="America/Mexico_City"/>
    <property name="os.name" value="Linux"/>
    <property name="java.vm.specification.version" value="17"/>
    <property name="APPLICATION_NAME" value="spring-boot-web"/>
    <property name="sun.java.launcher" value="SUN_STANDARD"/>
    <property name="user.country" value="MX"/>
    <property name="sun.boot.library.path" value="/usr/lib/jvm/java-17-oracle/lib"/>
    <property name="sun.java.command" value="/home/glem@praxisit.local/Documentos/cursoSpringBoot/spring-boot-web/target/surefire/surefirebooter-20250526170907201_3.jar /home/glem@praxisit.local/Documentos/cursoSpringBoot/spring-boot-web/target/surefire 2025-05-26T17-09-05_709-jvmRun1 surefire-20250526170907201_1tmp surefire_0-20250526170907201_2tmp"/>
    <property name="jdk.debug" value="release"/>
    <property name="surefire.test.class.path" value="/home/glem@praxisit.local/Documentos/cursoSpringBoot/spring-boot-web/target/test-classes:/home/glem@praxisit.local/Documentos/cursoSpringBoot/spring-boot-web/target/classes:/home/glem@praxisit.local/.m2/repository/org/springframework/boot/spring-boot-starter-thymeleaf/3.5.0/spring-boot-starter-thymeleaf-3.5.0.jar:/home/glem@praxisit.local/.m2/repository/org/springframework/boot/spring-boot-starter/3.5.0/spring-boot-starter-3.5.0.jar:/home/glem@praxisit.local/.m2/repository/org/springframework/boot/spring-boot-starter-logging/3.5.0/spring-boot-starter-logging-3.5.0.jar:/home/glem@praxisit.local/.m2/repository/ch/qos/logback/logback-classic/1.5.18/logback-classic-1.5.18.jar:/home/glem@praxisit.local/.m2/repository/ch/qos/logback/logback-core/1.5.18/logback-core-1.5.18.jar:/home/glem@praxisit.local/.m2/repository/org/apache/logging/log4j/log4j-to-slf4j/2.24.3/log4j-to-slf4j-2.24.3.jar:/home/glem@praxisit.local/.m2/repository/org/apache/logging/log4j/log4j-api/2.24.3/log4j-api-2.24.3.jar:/home/glem@praxisit.local/.m2/repository/org/slf4j/jul-to-slf4j/2.0.17/jul-to-slf4j-2.0.17.jar:/home/glem@praxisit.local/.m2/repository/jakarta/annotation/jakarta.annotation-api/2.1.1/jakarta.annotation-api-2.1.1.jar:/home/glem@praxisit.local/.m2/repository/org/yaml/snakeyaml/2.4/snakeyaml-2.4.jar:/home/glem@praxisit.local/.m2/repository/org/thymeleaf/thymeleaf-spring6/3.1.3.RELEASE/thymeleaf-spring6-3.1.3.RELEASE.jar:/home/glem@praxisit.local/.m2/repository/org/thymeleaf/thymeleaf/3.1.3.RELEASE/thymeleaf-3.1.3.RELEASE.jar:/home/glem@praxisit.local/.m2/repository/org/attoparser/attoparser/2.0.7.RELEASE/attoparser-2.0.7.RELEASE.jar:/home/glem@praxisit.local/.m2/repository/org/unbescape/unbescape/1.1.6.RELEASE/unbescape-1.1.6.RELEASE.jar:/home/glem@praxisit.local/.m2/repository/org/slf4j/slf4j-api/2.0.17/slf4j-api-2.0.17.jar:/home/glem@praxisit.local/.m2/repository/org/springframework/boot/spring-boot-starter-web/3.5.0/spring-boot-starter-web-3.5.0.jar:/home/glem@praxisit.local/.m2/repository/org/springframework/boot/spring-boot-starter-json/3.5.0/spring-boot-starter-json-3.5.0.jar:/home/glem@praxisit.local/.m2/repository/com/fasterxml/jackson/core/jackson-databind/2.19.0/jackson-databind-2.19.0.jar:/home/glem@praxisit.local/.m2/repository/com/fasterxml/jackson/core/jackson-annotations/2.19.0/jackson-annotations-2.19.0.jar:/home/glem@praxisit.local/.m2/repository/com/fasterxml/jackson/core/jackson-core/2.19.0/jackson-core-2.19.0.jar:/home/glem@praxisit.local/.m2/repository/com/fasterxml/jackson/datatype/jackson-datatype-jdk8/2.19.0/jackson-datatype-jdk8-2.19.0.jar:/home/glem@praxisit.local/.m2/repository/com/fasterxml/jackson/datatype/jackson-datatype-jsr310/2.19.0/jackson-datatype-jsr310-2.19.0.jar:/home/glem@praxisit.local/.m2/repository/com/fasterxml/jackson/module/jackson-module-parameter-names/2.19.0/jackson-module-parameter-names-2.19.0.jar:/home/glem@praxisit.local/.m2/repository/org/springframework/boot/spring-boot-starter-tomcat/3.5.0/spring-boot-starter-tomcat-3.5.0.jar:/home/glem@praxisit.local/.m2/repository/org/apache/tomcat/embed/tomcat-embed-core/10.1.41/tomcat-embed-core-10.1.41.jar:/home/glem@praxisit.local/.m2/repository/org/apache/tomcat/embed/tomcat-embed-el/10.1.41/tomcat-embed-el-10.1.41.jar:/home/glem@praxisit.local/.m2/repository/org/apache/tomcat/embed/tomcat-embed-websocket/10.1.41/tomcat-embed-websocket-10.1.41.jar:/home/glem@praxisit.local/.m2/repository/org/springframework/spring-web/6.2.7/spring-web-6.2.7.jar:/home/glem@praxisit.local/.m2/repository/org/springframework/spring-beans/6.2.7/spring-beans-6.2.7.jar:/home/glem@praxisit.local/.m2/repository/io/micrometer/micrometer-observation/1.15.0/micrometer-observation-1.15.0.jar:/home/glem@praxisit.local/.m2/repository/io/micrometer/micrometer-commons/1.15.0/micrometer-commons-1.15.0.jar:/home/glem@praxisit.local/.m2/repository/org/springframework/spring-webmvc/6.2.7/spring-webmvc-6.2.7.jar:/home/glem@praxisit.local/.m2/repository/org/springframework/spring-aop/6.2.7/spring-aop-6.2.7.jar:/home/glem@praxisit.local/.m2/repository/org/springframework/spring-context/6.2.7/spring-context-6.2.7.jar:/home/glem@praxisit.local/.m2/repository/org/springframework/spring-expression/6.2.7/spring-expression-6.2.7.jar:/home/glem@praxisit.local/.m2/repository/org/springframework/boot/spring-boot-devtools/3.5.0/spring-boot-devtools-3.5.0.jar:/home/glem@praxisit.local/.m2/repository/org/springframework/boot/spring-boot/3.5.0/spring-boot-3.5.0.jar:/home/glem@praxisit.local/.m2/repository/org/springframework/boot/spring-boot-autoconfigure/3.5.0/spring-boot-autoconfigure-3.5.0.jar:/home/glem@praxisit.local/.m2/repository/org/springframework/boot/spring-boot-starter-test/3.5.0/spring-boot-starter-test-3.5.0.jar:/home/glem@praxisit.local/.m2/repository/org/springframework/boot/spring-boot-test/3.5.0/spring-boot-test-3.5.0.jar:/home/glem@praxisit.local/.m2/repository/org/springframework/boot/spring-boot-test-autoconfigure/3.5.0/spring-boot-test-autoconfigure-3.5.0.jar:/home/glem@praxisit.local/.m2/repository/com/jayway/jsonpath/json-path/2.9.0/json-path-2.9.0.jar:/home/glem@praxisit.local/.m2/repository/jakarta/xml/bind/jakarta.xml.bind-api/4.0.2/jakarta.xml.bind-api-4.0.2.jar:/home/glem@praxisit.local/.m2/repository/jakarta/activation/jakarta.activation-api/2.1.3/jakarta.activation-api-2.1.3.jar:/home/glem@praxisit.local/.m2/repository/net/minidev/json-smart/2.5.2/json-smart-2.5.2.jar:/home/glem@praxisit.local/.m2/repository/net/minidev/accessors-smart/2.5.2/accessors-smart-2.5.2.jar:/home/glem@praxisit.local/.m2/repository/org/ow2/asm/asm/9.7.1/asm-9.7.1.jar:/home/glem@praxisit.local/.m2/repository/org/assertj/assertj-core/3.27.3/assertj-core-3.27.3.jar:/home/glem@praxisit.local/.m2/repository/net/bytebuddy/byte-buddy/1.17.5/byte-buddy-1.17.5.jar:/home/glem@praxisit.local/.m2/repository/org/awaitility/awaitility/4.3.0/awaitility-4.3.0.jar:/home/glem@praxisit.local/.m2/repository/org/hamcrest/hamcrest/3.0/hamcrest-3.0.jar:/home/glem@praxisit.local/.m2/repository/org/junit/jupiter/junit-jupiter/5.12.2/junit-jupiter-5.12.2.jar:/home/glem@praxisit.local/.m2/repository/org/junit/jupiter/junit-jupiter-api/5.12.2/junit-jupiter-api-5.12.2.jar:/home/glem@praxisit.local/.m2/repository/org/opentest4j/opentest4j/1.3.0/opentest4j-1.3.0.jar:/home/glem@praxisit.local/.m2/repository/org/junit/platform/junit-platform-commons/1.12.2/junit-platform-commons-1.12.2.jar:/home/glem@praxisit.local/.m2/repository/org/apiguardian/apiguardian-api/1.1.2/apiguardian-api-1.1.2.jar:/home/glem@praxisit.local/.m2/repository/org/junit/jupiter/junit-jupiter-params/5.12.2/junit-jupiter-params-5.12.2.jar:/home/glem@praxisit.local/.m2/repository/org/junit/jupiter/junit-jupiter-engine/5.12.2/junit-jupiter-engine-5.12.2.jar:/home/glem@praxisit.local/.m2/repository/org/junit/platform/junit-platform-engine/1.12.2/junit-platform-engine-1.12.2.jar:/home/glem@praxisit.local/.m2/repository/org/mockito/mockito-core/5.17.0/mockito-core-5.17.0.jar:/home/glem@praxisit.local/.m2/repository/net/bytebuddy/byte-buddy-agent/1.17.5/byte-buddy-agent-1.17.5.jar:/home/glem@praxisit.local/.m2/repository/org/objenesis/objenesis/3.3/objenesis-3.3.jar:/home/glem@praxisit.local/.m2/repository/org/mockito/mockito-junit-jupiter/5.17.0/mockito-junit-jupiter-5.17.0.jar:/home/glem@praxisit.local/.m2/repository/org/skyscreamer/jsonassert/1.5.3/jsonassert-1.5.3.jar:/home/glem@praxisit.local/.m2/repository/com/vaadin/external/google/android-json/0.0.20131108.vaadin1/android-json-0.0.20131108.vaadin1.jar:/home/glem@praxisit.local/.m2/repository/org/springframework/spring-core/6.2.7/spring-core-6.2.7.jar:/home/glem@praxisit.local/.m2/repository/org/springframework/spring-jcl/6.2.7/spring-jcl-6.2.7.jar:/home/glem@praxisit.local/.m2/repository/org/springframework/spring-test/6.2.7/spring-test-6.2.7.jar:/home/glem@praxisit.local/.m2/repository/org/xmlunit/xmlunit-core/2.10.1/xmlunit-core-2.10.1.jar:"/>
    <property name="sun.cpu.endian" value="little"/>
    <property name="user.home" value="/home/glem@praxisit.local"/>
    <property name="user.language" value="es"/>
    <property name="java.specification.vendor" value="Oracle Corporation"/>
    <property name="java.version.date" value="2023-01-17"/>
    <property name="java.home" value="/usr/lib/jvm/java-17-oracle"/>
    <property name="file.separator" value="/"/>
    <property name="style.color" value="always"/>
    <property name="basedir" value="/home/glem@praxisit.local/Documentos/cursoSpringBoot/spring-boot-web"/>
    <property name="java.vm.compressedOopsMode" value="Zero based"/>
    <property name="line.separator" value="&#10;"/>
    <property name="java.specification.name" value="Java Platform API Specification"/>
    <property name="java.vm.specification.vendor" value="Oracle Corporation"/>
    <property name="FILE_LOG_CHARSET" value="UTF-8"/>
    <property name="java.awt.headless" value="true"/>
    <property name="surefire.real.class.path" value="/home/glem@praxisit.local/Documentos/cursoSpringBoot/spring-boot-web/target/surefire/surefirebooter-20250526170907201_3.jar"/>
    <property name="sun.management.compiler" value="HotSpot 64-Bit Tiered Compilers"/>
    <property name="java.runtime.version" value="17.0.6+9-LTS-190"/>
    <property name="user.name" value="glem@praxisit.local"/>
    <property name="path.separator" value=":"/>
    <property name="os.version" value="5.15.0-139-generic"/>
    <property name="java.runtime.name" value="Java(TM) SE Runtime Environment"/>
    <property name="file.encoding" value="UTF-8"/>
    <property name="java.vm.name" value="Java HotSpot(TM) 64-Bit Server VM"/>
    <property name="localRepository" value="/home/glem@praxisit.local/.m2/repository"/>
    <property name="java.vendor.url.bug" value="https://bugreport.java.com/bugreport/"/>
    <property name="java.io.tmpdir" value="/tmp"/>
    <property name="java.version" value="17.0.6"/>
    <property name="user.dir" value="/home/glem@praxisit.local/Documentos/cursoSpringBoot/spring-boot-web"/>
    <property name="os.arch" value="amd64"/>
    <property name="java.vm.specification.name" value="Java Virtual Machine Specification"/>
    <property name="PID" value="775534"/>
    <property name="CONSOLE_LOG_CHARSET" value="UTF-8"/>
    <property name="native.encoding" value="UTF-8"/>
    <property name="java.library.path" value="/usr/java/packages/lib:/usr/lib64:/lib64:/lib:/usr/lib"/>
    <property name="java.vm.info" value="mixed mode, sharing"/>
    <property name="java.vendor" value="Oracle Corporation"/>
    <property name="java.vm.version" value="17.0.6+9-LTS-190"/>
    <property name="sun.io.unicode.encoding" value="UnicodeLittle"/>
    <property name="java.class.version" value="61.0"/>
    <property name="LOGGED_APPLICATION_NAME" value="[spring-boot-web] "/>
  </properties>
  <testcase name="contextLoads" classname="com.curso.springboot.spring_boot_web.SpringBootWebApplicationTests" time="0.479">
    <system-out><![CDATA[17:09:07.692 [main] INFO org.springframework.test.context.support.AnnotationConfigContextLoaderUtils -- Could not detect default configuration classes for test class [com.curso.springboot.spring_boot_web.SpringBootWebApplicationTests]: SpringBootWebApplicationTests does not declare any static, non-private, non-final, nested classes annotated with @Configuration.
17:09:07.758 [main] INFO org.springframework.boot.test.context.SpringBootTestContextBootstrapper -- Found @SpringBootConfiguration com.curso.springboot.spring_boot_web.SpringBootWebApplication for test class com.curso.springboot.spring_boot_web.SpringBootWebApplicationTests
17:09:07.863 [main] INFO org.springframework.boot.devtools.restart.RestartApplicationListener -- Restart disabled due to context in which it is running

  .   ____          _            __ _ _
 /\\ / ___'_ __ _ _(_)_ __  __ _ \ \ \ \
( ( )\___ | '_ | '_| | '_ \/ _` | \ \ \ \
 \\/  ___)| |_)| | | | | || (_| |  ) ) ) )
  '  |____| .__|_| |_|_| |_\__, | / / / /
 =========|_|==============|___/=/_/_/_/

 :: Spring Boot ::                (v3.5.0)

2025-05-26T17:09:08.069-06:00  INFO 775534 --- [spring-boot-web] [           main] c.c.s.s.SpringBootWebApplicationTests    : Starting SpringBootWebApplicationTests using Java 17.0.6 with PID 775534 (started by glem@praxisit.local in /home/glem@praxisit.local/Documentos/cursoSpringBoot/spring-boot-web)
2025-05-26T17:09:08.070-06:00  INFO 775534 --- [spring-boot-web] [           main] c.c.s.s.SpringBootWebApplicationTests    : No active profile set, falling back to 1 default profile: "default"
2025-05-26T17:09:08.622-06:00  INFO 775534 --- [spring-boot-web] [           main] o.s.b.a.w.s.WelcomePageHandlerMapping    : Adding welcome page template: index
2025-05-26T17:09:08.835-06:00  INFO 775534 --- [spring-boot-web] [           main] c.c.s.s.SpringBootWebApplicationTests    : Started SpringBootWebApplicationTests in 0.98 seconds (process running for 1.602)
]]></system-out>
  </testcase>
</testsuite>